<?xml version="1.0" encoding="UTF-8"?>
<!-- Generated by org.testng.reporters.JUnitXMLReporter -->
<testsuite hostname="LAPTOP-5UTAUSDH" ignored="0" name="Default test" tests="3" failures="0" timestamp="2021-09-21T16:57:11 IST" time="0.085" errors="0">
  <testcase name="createContactTest" time="0.013" classname="com.cast.ContactsTest.Contact"/>
  <testcase name="createContactWithOrgTest" time="0.002" classname="com.cast.ContactsTest.Contact"/>
  <testcase name="deletContactTest" time="0.004" classname="com.cast.ContactsTest.Contact"/>
</testsuite> <!-- Default test -->
